0 info it worked if it ends with ok
1 verbose cli [ '/home/costa/dev-tools/nodejs/bin/node',
1 verbose cli   '/home/costa/dev-tools/nodejs/bin/npm',
1 verbose cli   'run',
1 verbose cli   'tsc' ]
2 info using npm@3.3.6
3 info using node@v5.0.0
4 verbose stack Error: missing script: tsc
4 verbose stack     at run (/home/costa/dev-tools/nodejs/lib/node_modules/npm/lib/run-script.js:148:19)
4 verbose stack     at /home/costa/dev-tools/nodejs/lib/node_modules/npm/lib/run-script.js:58:5
4 verbose stack     at /home/costa/dev-tools/nodejs/lib/node_modules/npm/node_modules/read-package-json/read-json.js:345:5
4 verbose stack     at checkBinReferences_ (/home/costa/dev-tools/nodejs/lib/node_modules/npm/node_modules/read-package-json/read-json.js:309:45)
4 verbose stack     at final (/home/costa/dev-tools/nodejs/lib/node_modules/npm/node_modules/read-package-json/read-json.js:343:3)
4 verbose stack     at then (/home/costa/dev-tools/nodejs/lib/node_modules/npm/node_modules/read-package-json/read-json.js:113:5)
4 verbose stack     at ReadFileContext.<anonymous> (/home/costa/dev-tools/nodejs/lib/node_modules/npm/node_modules/read-package-json/read-json.js:284:20)
4 verbose stack     at ReadFileContext.callback (/home/costa/dev-tools/nodejs/lib/node_modules/npm/node_modules/graceful-fs/graceful-fs.js:76:16)
4 verbose stack     at FSReqWrap.readFileAfterOpen [as oncomplete] (fs.js:324:13)
5 verbose cwd /home/costa/coding/angular2-demo/src
6 error Linux 3.19.0-33-generic
7 error argv "/home/costa/dev-tools/nodejs/bin/node" "/home/costa/dev-tools/nodejs/bin/npm" "run" "tsc"
8 error node v5.0.0
9 error npm  v3.3.6
10 error missing script: tsc
11 error If you need help, you may report this error at:
11 error     <https://github.com/npm/npm/issues>
12 verbose exit [ 1, true ]
